2023-09-14T01:53:19+00:00 CRITICAL Uncaught Error: Call to undefined function the_get_ID() in D:\xampp\htdocs\qlbquanao\wp-content\themes\quanao\slider.php:15
Stack trace:
#0 D:\xampp\htdocs\qlbquanao\wp-includes\template.php(787): require()
#1 D:\xampp\htdocs\qlbquanao\wp-includes\template.php(720): load_template('D:\\xampp\\htdocs...', false, Array)
#2 D:\xampp\htdocs\qlbquanao\wp-includes\general-template.php(206): locate_template(Array, true, false, Array)
#3 D:\xampp\htdocs\qlbquanao\wp-content\themes\quanao\index.php(10): get_template_part('slider')
#4 D:\xampp\htdocs\qlbquanao\wp-includes\template-loader.php(106): include('D:\\xampp\\htdocs...')
#5 D:\xampp\htdocs\qlbquanao\wp-blog-header.php(19): require_once('D:\\xampp\\htdocs...')
#6 D:\xampp\htdocs\qlbquanao\index.php(17): require('D:\\xampp\\htdocs...')
#7 {main}
  thrown in D:\xampp\htdocs\qlbquanao\wp-content\themes\quanao\slider.php on line 15

2023-09-14T01:54:02+00:00 CRITICAL Uncaught Error: Call to undefined function slider_post_thumbnail() in D:\xampp\htdocs\qlbquanao\wp-content\themes\quanao\slider.php:15
Stack trace:
#0 D:\xampp\htdocs\qlbquanao\wp-includes\template.php(787): require()
#1 D:\xampp\htdocs\qlbquanao\wp-includes\template.php(720): load_template('D:\\xampp\\htdocs...', false, Array)
#2 D:\xampp\htdocs\qlbquanao\wp-includes\general-template.php(206): locate_template(Array, true, false, Array)
#3 D:\xampp\htdocs\qlbquanao\wp-content\themes\quanao\index.php(10): get_template_part('slider')
#4 D:\xampp\htdocs\qlbquanao\wp-includes\template-loader.php(106): include('D:\\xampp\\htdocs...')
#5 D:\xampp\htdocs\qlbquanao\wp-blog-header.php(19): require_once('D:\\xampp\\htdocs...')
#6 D:\xampp\htdocs\qlbquanao\index.php(17): require('D:\\xampp\\htdocs...')
#7 {main}
  thrown in D:\xampp\htdocs\qlbquanao\wp-content\themes\quanao\slider.php on line 15

2023-09-14T01:54:29+00:00 CRITICAL Uncaught Error: Call to undefined function the_get_ID() in D:\xampp\htdocs\qlbquanao\wp-content\themes\quanao\slider.php:15
Stack trace:
#0 D:\xampp\htdocs\qlbquanao\wp-includes\template.php(787): require()
#1 D:\xampp\htdocs\qlbquanao\wp-includes\template.php(720): load_template('D:\\xampp\\htdocs...', false, Array)
#2 D:\xampp\htdocs\qlbquanao\wp-includes\general-template.php(206): locate_template(Array, true, false, Array)
#3 D:\xampp\htdocs\qlbquanao\wp-content\themes\quanao\index.php(10): get_template_part('slider')
#4 D:\xampp\htdocs\qlbquanao\wp-includes\template-loader.php(106): include('D:\\xampp\\htdocs...')
#5 D:\xampp\htdocs\qlbquanao\wp-blog-header.php(19): require_once('D:\\xampp\\htdocs...')
#6 D:\xampp\htdocs\qlbquanao\index.php(17): require('D:\\xampp\\htdocs...')
#7 {main}
  thrown in D:\xampp\htdocs\qlbquanao\wp-content\themes\quanao\slider.php on line 15

2023-09-14T02:47:39+00:00 CRITICAL Uncaught Error: Call to undefined function get_reguler_price() in D:\xampp\htdocs\qlbquanao\wp-content\themes\quanao\index.php:70
Stack trace:
#0 D:\xampp\htdocs\qlbquanao\wp-includes\template-loader.php(106): include()
#1 D:\xampp\htdocs\qlbquanao\wp-blog-header.php(19): require_once('D:\\xampp\\htdocs...')
#2 D:\xampp\htdocs\qlbquanao\index.php(17): require('D:\\xampp\\htdocs...')
#3 {main}
  thrown in D:\xampp\htdocs\qlbquanao\wp-content\themes\quanao\index.php on line 70

2023-09-14T02:48:08+00:00 CRITICAL Uncaught Error: Call to undefined method WC_Product_Simple::get_reguler_price() in D:\xampp\htdocs\qlbquanao\wp-content\themes\quanao\index.php:70
Stack trace:
#0 D:\xampp\htdocs\qlbquanao\wp-includes\template-loader.php(106): include()
#1 D:\xampp\htdocs\qlbquanao\wp-blog-header.php(19): require_once('D:\\xampp\\htdocs...')
#2 D:\xampp\htdocs\qlbquanao\index.php(17): require('D:\\xampp\\htdocs...')
#3 {main}
  thrown in D:\xampp\htdocs\qlbquanao\wp-content\themes\quanao\index.php on line 70

